# JRE version: Java(TM) SE Runtime Environment (8.0_91-b14) (build 1.8.0_91-b14)
# Java VM: Java HotSpot(TM) 64-Bit Server VM (25.91-b14 mixed mode linux-amd64 compressed oops)
Heap:
 def new generation   total 370944K, used 0K [0x0000000080000000, 0x0000000099280000, 0x00000000aaaa0000)
  eden space 329728K,   0% used [0x0000000080000000, 0x0000000080000000, 0x0000000094200000)
  from space 41216K,   0% used [0x0000000094200000, 0x0000000094200000, 0x0000000096a40000)
  to   space 41216K,   0% used [0x0000000096a40000, 0x0000000096a40000, 0x0000000099280000)
 tenured generation   total 863152K, used 762922K [0x00000000aaaa0000, 0x00000000df58c000, 0x0000000100000000)
   the space 863152K,  88% used [0x00000000aaaa0000, 0x00000000d93aa960, 0x00000000d93aaa00, 0x00000000df58c000)
 Metaspace       used 59009K, capacity 60178K, committed 60416K, reserved 1101824K
  class space    used 7354K, capacity 7664K, committed 7680K, reserved 1048576K
GC Heap History (10 events):
Event: 199.317 GC heap after
Heap after GC invocations=138 (full 8):
 def new generation   total 215936K, used 23936K [0x0000000080000000, 0x000000008ea40000, 0x00000000aaaa0000)
  eden space 192000K,   0% used [0x0000000080000000, 0x0000000080000000, 0x000000008bb80000)
  from space 23936K, 100% used [0x000000008d2e0000, 0x000000008ea40000, 0x000000008ea40000)
  to   space 23936K,   0% used [0x000000008bb80000, 0x000000008bb80000, 0x000000008d2e0000)
 tenured generation   total 479528K, used 463716K [0x00000000aaaa0000, 0x00000000c7eea000, 0x0000000100000000)
   the space 479528K,  96% used [0x00000000aaaa0000, 0x00000000c6f790d8, 0x00000000c6f79200, 0x00000000c7eea000)
 Metaspace       used 58997K, capacity 60114K, committed 60160K, reserved 1101824K
  class space    used 7353K, capacity 7664K, committed 7680K, reserved 1048576K
}
Event: 201.053 GC heap before
{Heap before GC invocations=138 (full 8):
 def new generation   total 215936K, used 215936K [0x0000000080000000, 0x000000008ea40000, 0x00000000aaaa0000)
  eden space 192000K, 100% used [0x0000000080000000, 0x000000008bb80000, 0x000000008bb80000)
  from space 23936K, 100% used [0x000000008d2e0000, 0x000000008ea40000, 0x000000008ea40000)
  to   space 23936K,   0% used [0x000000008bb80000, 0x000000008bb80000, 0x000000008d2e0000)
 tenured generation   total 479528K, used 463716K [0x00000000aaaa0000, 0x00000000c7eea000, 0x0000000100000000)
   the space 479528K,  96% used [0x00000000aaaa0000, 0x00000000c6f790d8, 0x00000000c6f79200, 0x00000000c7eea000)
 Metaspace       used 58997K, capacity 60114K, committed 60160K, reserved 1101824K
  class space    used 7353K, capacity 7664K, committed 7680K, reserved 1048576K
Event: 206.037 GC heap after
Heap after GC invocations=139 (full 9):
 def new generation   total 370944K, used 23783K [0x0000000080000000, 0x0000000099280000, 0x00000000aaaa0000)
  eden space 329728K,   7% used [0x0000000080000000, 0x0000000081739c08, 0x0000000094200000)
  from space 41216K,   0% used [0x0000000094200000, 0x0000000094200000, 0x0000000096a40000)
  to   space 41216K,   0% used [0x0000000096a40000, 0x0000000096a40000, 0x0000000099280000)
 tenured generation   total 824176K, used 494503K [0x00000000aaaa0000, 0x00000000dcf7c000, 0x0000000100000000)
   the space 824176K,  59% used [0x00000000aaaa0000, 0x00000000c8d89ff8, 0x00000000c8d8a000, 0x00000000dcf7c000)
 Metaspace       used 58997K, capacity 60114K, committed 60160K, reserved 1101824K
  class space    used 7353K, capacity 7664K, committed 7680K, reserved 1048576K
}
Event: 208.877 GC heap before
{Heap before GC invocations=139 (full 9):
 def new generation   total 370944K, used 329728K [0x0000000080000000, 0x0000000099280000, 0x00000000aaaa0000)
  eden space 329728K, 100% used [0x0000000080000000, 0x0000000094200000, 0x0000000094200000)
  from space 41216K,   0% used [0x0000000094200000, 0x0000000094200000, 0x0000000096a40000)
  to   space 41216K,   0% used [0x0000000096a40000, 0x0000000096a40000, 0x0000000099280000)
 tenured generation   total 824176K, used 494503K [0x00000000aaaa0000, 0x00000000dcf7c000, 0x0000000100000000)
   the space 824176K,  59% used [0x00000000aaaa0000, 0x00000000c8d89ff8, 0x00000000c8d8a000, 0x00000000dcf7c000)
 Metaspace       used 59008K, capacity 60178K, committed 60416K, reserved 1101824K
  class space    used 7354K, capacity 7664K, committed 7680K, reserved 1048576K
Event: 212.481 GC heap after
Heap after GC invocations=140 (full 9):
 def new generation   total 370944K, used 41216K [0x0000000080000000, 0x0000000099280000, 0x00000000aaaa0000)
  eden space 329728K,   0% used [0x0000000080000000, 0x0000000080000000, 0x0000000094200000)
  from space 41216K, 100% used [0x0000000096a40000, 0x0000000099280000, 0x0000000099280000)
  to   space 41216K,   0% used [0x0000000094200000, 0x0000000094200000, 0x0000000096a40000)
 tenured generation   total 824176K, used 521625K [0x00000000aaaa0000, 0x00000000dcf7c000, 0x0000000100000000)
   the space 824176K,  63% used [0x00000000aaaa0000, 0x00000000ca8067c8, 0x00000000ca806800, 0x00000000dcf7c000)
 Metaspace       used 59008K, capacity 60178K, committed 60416K, reserved 1101824K
  class space    used 7354K, capacity 7664K, committed 7680K, reserved 1048576K
}
Event: 218.959 GC heap before
{Heap before GC invocations=140 (full 9):
 def new generation   total 370944K, used 370944K [0x0000000080000000, 0x0000000099280000, 0x00000000aaaa0000)
  eden space 329728K, 100% used [0x0000000080000000, 0x0000000094200000, 0x0000000094200000)
  from space 41216K, 100% used [0x0000000096a40000, 0x0000000099280000, 0x0000000099280000)
  to   space 41216K,   0% used [0x0000000094200000, 0x0000000094200000, 0x0000000096a40000)
 tenured generation   total 824176K, used 521625K [0x00000000aaaa0000, 0x00000000dcf7c000, 0x0000000100000000)
   the space 824176K,  63% used [0x00000000aaaa0000, 0x00000000ca8067c8, 0x00000000ca806800, 0x00000000dcf7c000)
 Metaspace       used 59008K, capacity 60178K, committed 60416K, reserved 1101824K
  class space    used 7354K, capacity 7664K, committed 7680K, reserved 1048576K
Event: 225.694 GC heap after
Heap after GC invocations=141 (full 9):
 def new generation   total 370944K, used 41215K [0x0000000080000000, 0x0000000099280000, 0x00000000aaaa0000)
  eden space 329728K,   0% used [0x0000000080000000, 0x0000000080000000, 0x0000000094200000)
  from space 41216K,  99% used [0x0000000094200000, 0x0000000096a3fff8, 0x0000000096a40000)
  to   space 41216K,   0% used [0x0000000096a40000, 0x0000000096a40000, 0x0000000099280000)
 tenured generation   total 824176K, used 580802K [0x00000000aaaa0000, 0x00000000dcf7c000, 0x0000000100000000)
   the space 824176K,  70% used [0x00000000aaaa0000, 0x00000000ce1d0b90, 0x00000000ce1d0c00, 0x00000000dcf7c000)
 Metaspace       used 59008K, capacity 60178K, committed 60416K, reserved 1101824K
  class space    used 7354K, capacity 7664K, committed 7680K, reserved 1048576K
}
Event: 231.852 GC heap before
{Heap before GC invocations=141 (full 9):
 def new generation   total 370944K, used 370943K [0x0000000080000000, 0x0000000099280000, 0x00000000aaaa0000)
  eden space 329728K, 100% used [0x0000000080000000, 0x0000000094200000, 0x0000000094200000)
  from space 41216K,  99% used [0x0000000094200000, 0x0000000096a3fff8, 0x0000000096a40000)
  to   space 41216K,   0% used [0x0000000096a40000, 0x0000000096a40000, 0x0000000099280000)
 tenured generation   total 824176K, used 580802K [0x00000000aaaa0000, 0x00000000dcf7c000, 0x0000000100000000)
   the space 824176K,  70% used [0x00000000aaaa0000, 0x00000000ce1d0b90, 0x00000000ce1d0c00, 0x00000000dcf7c000)
 Metaspace       used 59009K, capacity 60178K, committed 60416K, reserved 1101824K
  class space    used 7354K, capacity 7664K, committed 7680K, reserved 1048576K
Event: 238.112 GC heap after
Heap after GC invocations=142 (full 9):
 def new generation   total 370944K, used 41216K [0x0000000080000000, 0x0000000099280000, 0x00000000aaaa0000)
  eden space 329728K,   0% used [0x0000000080000000, 0x0000000080000000, 0x0000000094200000)
  from space 41216K, 100% used [0x0000000096a40000, 0x0000000099280000, 0x0000000099280000)
  to   space 41216K,   0% used [0x0000000094200000, 0x0000000094200000, 0x0000000096a40000)
 tenured generation   total 824176K, used 735953K [0x00000000aaaa0000, 0x00000000dcf7c000, 0x0000000100000000)
   the space 824176K,  89% used [0x00000000aaaa0000, 0x00000000d7954768, 0x00000000d7954800, 0x00000000dcf7c000)
 Metaspace       used 59009K, capacity 60178K, committed 60416K, reserved 1101824K
  class space    used 7354K, capacity 7664K, committed 7680K, reserved 1048576K
}
Event: 247.482 GC heap before
{Heap before GC invocations=142 (full 9):
 def new generation   total 370944K, used 370944K [0x0000000080000000, 0x0000000099280000, 0x00000000aaaa0000)
  eden space 329728K, 100% used [0x0000000080000000, 0x0000000094200000, 0x0000000094200000)
  from space 41216K, 100% used [0x0000000096a40000, 0x0000000099280000, 0x0000000099280000)
  to   space 41216K,   0% used [0x0000000094200000, 0x0000000094200000, 0x0000000096a40000)
 tenured generation   total 824176K, used 735953K [0x00000000aaaa0000, 0x00000000dcf7c000, 0x0000000100000000)
   the space 824176K,  89% used [0x00000000aaaa0000, 0x00000000d7954768, 0x00000000d7954800, 0x00000000dcf7c000)
 Metaspace       used 59009K, capacity 60178K, committed 60416K, reserved 1101824K
  class space    used 7354K, capacity 7664K, committed 7680K, reserved 1048576K

